nohup: ignoring input

+------------------------------------------------------------------------------------------+
* Training and testing RIO-GNN *
* Paper: Reinforced Neighborhood Selection Guided Multi-Relational Graph Neural Networks *
* Source: https://github.com/safe-graph/RioGNN *

+------------------------------------------------------------------------------------------+

Log save path: ./log/amazon/
CUDA:  True
Running on:  amazon
The number of relations:  3
Width of each relation tree:  [10, 10, 10]
Height of each relation tree:  [2, 3, 3]
Model:  RIO, Inter-AGG:  GNN, feat_size:  25, emb_size:  25.

+------------------------------------------------------------------------------------------+
                                        Epoch 0                                               
+------------------------------------------------------------------------------------------+

Historical maximum AUC:  0
Thresholds to obtain the historical maximum AUC:  [0, 0, 0]
Current depth of each RL Tree:  [0, 0, 0]
Completion flag of the entire RL Forest:  True
~~~~~~~~~~~~~~~~~~~~~~~~~~~~~~~~~~~~~~~~
Loss: 4.722054958343506, time: 0.6976370811462402s
~~~~~~~~~~~~~~~~~~~~~~~~~~~~~~~~~~~~~~~~
TEST GNN F1: 0.0620
TEST GNN Accuracy: 0.0661
TEST GNN Recall: 0.4810
TEST GNN auc: 0.1751
TEST GNN ap: 0.0389
~~~~~~~~~~~~~~~~~~~~~~~~~~~~~~~~~~~~~~~~
TEST Label1 F1: 0.4822
TEST Label1 Accuracy: 0.9312
TEST Label1 Recall: 0.5000
TEST Label1 auc: 0.6483
TEST Label1 ap: 0.1938
~~~~~~~~~~~~~~~~~~~~~~~~~~~~~~~~~~~~~~~~
TRAIN GNN Recall: 0.4738
TRAIN GNN auc: 0.1908

+------------------------------------------------------------------------------------------+
                                        Epoch 1                                               
+------------------------------------------------------------------------------------------+

States:  [array([0.02982556]), array([0.0173455]), array([0.01088952])]
Thresholds:  [0.2, 0.8, 0.6000000000000001]
Historical maximum AUC:  0.19078519974343372
Thresholds to obtain the historical maximum AUC:  [0.5, 0.5, 0.5]
Current depth of each RL Tree:  [0, 0, 0]
Completion flag of the entire RL Forest:  True
~~~~~~~~~~~~~~~~~~~~~~~~~~~~~~~~~~~~~~~~
Loss: 4.552892684936523, time: 0.6267526149749756s
~~~~~~~~~~~~~~~~~~~~~~~~~~~~~~~~~~~~~~~~
TRAIN GNN Recall: 0.4615
TRAIN GNN auc: 0.3516

+------------------------------------------------------------------------------------------+
                                        Epoch 2                                               
+------------------------------------------------------------------------------------------+

Rewards:  [0.02852897571832796, 0.01723338792422001, 0.01237492659880269]
States:  [array([0.02852898]), array([0.01723339]), array([0.01237493])]
Thresholds:  [0.4, 0.5, 0.6000000000000001]
Historical maximum AUC:  0.3515746207698085
Thresholds to obtain the historical maximum AUC:  [0.2, 0.8, 0.6000000000000001]
Current depth of each RL Tree:  [0, 0, 0]
Completion flag of the entire RL Forest:  True
~~~~~~~~~~~~~~~~~~~~~~~~~~~~~~~~~~~~~~~~
Loss: 4.409320831298828, time: 0.3021402359008789s
~~~~~~~~~~~~~~~~~~~~~~~~~~~~~~~~~~~~~~~~
TRAIN GNN Recall: 0.3832
TRAIN GNN auc: 0.4580

+------------------------------------------------------------------------------------------+
                                        Epoch 3                                               
+------------------------------------------------------------------------------------------+

Rewards:  [0.011624958866932354, 0.029716537513299363, 0.016736528825818355]
States:  [array([0.01162496]), array([0.02971654]), array([0.01673653])]
Thresholds:  [0.7000000000000001, 0.2, 0.1]
Historical maximum AUC:  0.4579670548054098
Thresholds to obtain the historical maximum AUC:  [0.4, 0.5, 0.6000000000000001]
Current depth of each RL Tree:  [0, 0, 0]
Completion flag of the entire RL Forest:  True
~~~~~~~~~~~~~~~~~~~~~~~~~~~~~~~~~~~~~~~~
Loss: 4.330422401428223, time: 0.2726776599884033s
~~~~~~~~~~~~~~~~~~~~~~~~~~~~~~~~~~~~~~~~
TEST GNN F1: 0.2299
TEST GNN Accuracy: 0.2524
TEST GNN Recall: 0.4109
TEST GNN auc: 0.6627
TEST GNN ap: 0.3460
~~~~~~~~~~~~~~~~~~~~~~~~~~~~~~~~~~~~~~~~
TEST Label1 F1: 0.4773
TEST Label1 Accuracy: 0.9082
TEST Label1 Recall: 0.4884
TEST Label1 auc: 0.8663
TEST Label1 ap: 0.5858
~~~~~~~~~~~~~~~~~~~~~~~~~~~~~~~~~~~~~~~~
TRAIN GNN Recall: 0.4229
TRAIN GNN auc: 0.6686

+------------------------------------------------------------------------------------------+
                                        Epoch 4                                               
+------------------------------------------------------------------------------------------+

Rewards:  [0.022151778931912964, 0.018271259095049255, 0.018565367125838773]
States:  [array([0.02215178]), array([0.01827126]), array([0.01856537])]
Thresholds:  [0.5, 0.5, 1]
Historical maximum AUC:  0.6685878300961027
Thresholds to obtain the historical maximum AUC:  [0.7000000000000001, 0.2, 0.1]
Current depth of each RL Tree:  [0, 0, 0]
Completion flag of the entire RL Forest:  True
~~~~~~~~~~~~~~~~~~~~~~~~~~~~~~~~~~~~~~~~
Loss: 4.197169303894043, time: 0.6104381084442139s
~~~~~~~~~~~~~~~~~~~~~~~~~~~~~~~~~~~~~~~~
TRAIN GNN Recall: 0.4348
TRAIN GNN auc: 0.7455

+------------------------------------------------------------------------------------------+
                                        Epoch 5                                               
+------------------------------------------------------------------------------------------+

Rewards:  [0.033881552979976054, 0.00827378633728476, 0.0042119779982572264]
States:  [array([0.03388155]), array([0.00827379]), array([0.00421198])]
Thresholds:  [0.4, 0.30000000000000004, 0.4]
Historical maximum AUC:  0.7455142016018946
Thresholds to obtain the historical maximum AUC:  [0.5, 0.5, 1]
Current depth of each RL Tree:  [0, 0, 0]
Completion flag of the entire RL Forest:  True
~~~~~~~~~~~~~~~~~~~~~~~~~~~~~~~~~~~~~~~~
Loss: 4.165482044219971, time: 0.27094602584838867s
~~~~~~~~~~~~~~~~~~~~~~~~~~~~~~~~~~~~~~~~
TRAIN GNN Recall: 0.5911
TRAIN GNN auc: 0.8138

+------------------------------------------------------------------------------------------+
                                        Epoch 6                                               
+------------------------------------------------------------------------------------------+

Rewards:  [0.024585212591655956, 0.0195036515851436, 0.0429687765036349]
States:  [array([0.02458521]), array([0.01950365]), array([0.04296878])]
Thresholds:  [0.6000000000000001, 0.7000000000000001, 0.8]
Historical maximum AUC:  0.8138160671896673
Thresholds to obtain the historical maximum AUC:  [0.4, 0.30000000000000004, 0.4]
Current depth of each RL Tree:  [0, 0, 0]
Completion flag of the entire RL Forest:  True
~~~~~~~~~~~~~~~~~~~~~~~~~~~~~~~~~~~~~~~~
Loss: 4.080206871032715, time: 0.2615046501159668s
~~~~~~~~~~~~~~~~~~~~~~~~~~~~~~~~~~~~~~~~
TEST GNN F1: 0.4868
TEST GNN Accuracy: 0.7896
TEST GNN Recall: 0.4955
TEST GNN auc: 0.8560
TEST GNN ap: 0.5744
~~~~~~~~~~~~~~~~~~~~~~~~~~~~~~~~~~~~~~~~
TEST Label1 F1: 0.6681
TEST Label1 Accuracy: 0.8517
TEST Label1 Recall: 0.8226
TEST Label1 auc: 0.9192
TEST Label1 ap: 0.7425
~~~~~~~~~~~~~~~~~~~~~~~~~~~~~~~~~~~~~~~~
TRAIN GNN Recall: 0.5198
TRAIN GNN auc: 0.8369

+------------------------------------------------------------------------------------------+
                                        Epoch 7                                               
+------------------------------------------------------------------------------------------+

Rewards:  [0.02002812877968373, 0.01223523996149833, 0.01622485137541431]
States:  [array([0.02002813]), array([0.01223524]), array([0.01622485])]
Thresholds:  [0.6000000000000001, 0.7000000000000001, 0.4]
Historical maximum AUC:  0.8368604345180338
Thresholds to obtain the historical maximum AUC:  [0.6000000000000001, 0.7000000000000001, 0.8]
Current depth of each RL Tree:  [0, 0, 0]
Completion flag of the entire RL Forest:  True
~~~~~~~~~~~~~~~~~~~~~~~~~~~~~~~~~~~~~~~~
Loss: 4.055830955505371, time: 0.2891829013824463s
~~~~~~~~~~~~~~~~~~~~~~~~~~~~~~~~~~~~~~~~
TRAIN GNN Recall: 0.6599
TRAIN GNN auc: 0.8223

+------------------------------------------------------------------------------------------+
                                        Epoch 8                                               
+------------------------------------------------------------------------------------------+

Rewards:  [0.02692374851704849, 0.030078819153273723, 0.03432239970162793]
States:  [array([0.02692375]), array([0.03007882]), array([0.0343224])]
Thresholds:  [0.30000000000000004, 0.8, 0.4]
Historical maximum AUC:  0.8368604345180338
Thresholds to obtain the historical maximum AUC:  [0.6000000000000001, 0.7000000000000001, 0.8]
Current depth of each RL Tree:  [0, 0, 0]
Completion flag of the entire RL Forest:  True
~~~~~~~~~~~~~~~~~~~~~~~~~~~~~~~~~~~~~~~~
Loss: 3.9753260612487793, time: 0.2834019660949707s
~~~~~~~~~~~~~~~~~~~~~~~~~~~~~~~~~~~~~~~~
TRAIN GNN Recall: 0.7338
TRAIN GNN auc: 0.8365

+------------------------------------------------------------------------------------------+
                                        Epoch 9                                               
+------------------------------------------------------------------------------------------+

Rewards:  [0.02615159194040142, 0.031210888887670523, 0.01750689619516383]
States:  [array([0.02615159]), array([0.03121089]), array([0.0175069])]
Thresholds:  [0.6000000000000001, 0.4, 0.1]
Historical maximum AUC:  0.8368604345180338
Thresholds to obtain the historical maximum AUC:  [0.6000000000000001, 0.7000000000000001, 0.8]
Current depth of each RL Tree:  [0, 0, 0]
Completion flag of the entire RL Forest:  True
~~~~~~~~~~~~~~~~~~~~~~~~~~~~~~~~~~~~~~~~
Loss: 3.915297031402588, time: 0.6580796241760254s
~~~~~~~~~~~~~~~~~~~~~~~~~~~~~~~~~~~~~~~~
TEST GNN F1: 0.8779
TEST GNN Accuracy: 0.9722
TEST GNN Recall: 0.8362
TEST GNN auc: 0.8591
TEST GNN ap: 0.7316
~~~~~~~~~~~~~~~~~~~~~~~~~~~~~~~~~~~~~~~~
TEST Label1 F1: 0.6215
TEST Label1 Accuracy: 0.7985
TEST Label1 Recall: 0.8164
TEST Label1 auc: 0.9219
TEST Label1 ap: 0.7880
~~~~~~~~~~~~~~~~~~~~~~~~~~~~~~~~~~~~~~~~
TRAIN GNN Recall: 0.8106
TRAIN GNN auc: 0.8336

+------------------------------------------------------------------------------------------+
                                        Epoch 10                                               
+------------------------------------------------------------------------------------------+

Rewards:  [0.014314751992677188, 0.03917520088037425, 0.018169711265405678]
States:  [array([0.01431475]), array([0.0391752]), array([0.01816971])]
Thresholds:  [0.1, 0.5, 0.8]
Historical maximum AUC:  0.8368604345180338
Thresholds to obtain the historical maximum AUC:  [0.6000000000000001, 0.7000000000000001, 0.8]
Current depth of each RL Tree:  [0, 0, 0]
Completion flag of the entire RL Forest:  True
~~~~~~~~~~~~~~~~~~~~~~~~~~~~~~~~~~~~~~~~
Loss: 3.867969512939453, time: 0.2586638927459717s
~~~~~~~~~~~~~~~~~~~~~~~~~~~~~~~~~~~~~~~~
TRAIN GNN Recall: 0.7733
TRAIN GNN auc: 0.8353

+------------------------------------------------------------------------------------------+
                                        Epoch 11                                               
+------------------------------------------------------------------------------------------+

Rewards:  [0.027166649673782517, 0.017394662376442764, 0.004768971082221946]
States:  [array([0.02716665]), array([0.01739466]), array([0.00476897])]
Thresholds:  [0.8, 0.30000000000000004, 0.7000000000000001]
Historical maximum AUC:  0.8368604345180338
Thresholds to obtain the historical maximum AUC:  [0.6000000000000001, 0.7000000000000001, 0.8]
Current depth of each RL Tree:  [0, 0, 0]
Completion flag of the entire RL Forest:  True
~~~~~~~~~~~~~~~~~~~~~~~~~~~~~~~~~~~~~~~~
Loss: 3.833754301071167, time: 0.2701561450958252s
~~~~~~~~~~~~~~~~~~~~~~~~~~~~~~~~~~~~~~~~
TRAIN GNN Recall: 0.7889
TRAIN GNN auc: 0.8274

+------------------------------------------------------------------------------------------+
                                        Epoch 12                                               
+------------------------------------------------------------------------------------------+

Rewards:  [0.005579514226160132, 0.024026555445583526, 0.04150164760202803]
States:  [array([0.00557951]), array([0.02402656]), array([0.04150165])]
Thresholds:  [0.9, 0.30000000000000004, 0.2]
Historical maximum AUC:  0.8368604345180338
Thresholds to obtain the historical maximum AUC:  [0.6000000000000001, 0.7000000000000001, 0.8]
Current depth of each RL Tree:  [0, 0, 0]
Completion flag of the entire RL Forest:  True
~~~~~~~~~~~~~~~~~~~~~~~~~~~~~~~~~~~~~~~~
Loss: 3.7742905616760254, time: 0.27265167236328125s
~~~~~~~~~~~~~~~~~~~~~~~~~~~~~~~~~~~~~~~~
TEST GNN F1: 0.8457
TEST GNN Accuracy: 0.9588
TEST GNN Recall: 0.8610
TEST GNN auc: 0.8543
TEST GNN ap: 0.6953
~~~~~~~~~~~~~~~~~~~~~~~~~~~~~~~~~~~~~~~~
TEST Label1 F1: 0.6652
TEST Label1 Accuracy: 0.8430
TEST Label1 Recall: 0.8395
TEST Label1 auc: 0.9171
TEST Label1 ap: 0.8020
~~~~~~~~~~~~~~~~~~~~~~~~~~~~~~~~~~~~~~~~
TRAIN GNN Recall: 0.8394
TRAIN GNN auc: 0.8223

+------------------------------------------------------------------------------------------+
                                        Epoch 13                                               
+------------------------------------------------------------------------------------------+

Rewards:  [0.04064299066747154, 0.014998502791874868, 0.03616236968057781]
States:  [array([0.04064299]), array([0.0149985]), array([0.03616237])]
Thresholds:  [0.8, 0.1, 0.4]
Historical maximum AUC:  0.8368604345180338
Thresholds to obtain the historical maximum AUC:  [0.6000000000000001, 0.7000000000000001, 0.8]
Current depth of each RL Tree:  [0, 0, 0]
Completion flag of the entire RL Forest:  True
~~~~~~~~~~~~~~~~~~~~~~~~~~~~~~~~~~~~~~~~
Loss: 3.740572214126587, time: 0.25484776496887207s
~~~~~~~~~~~~~~~~~~~~~~~~~~~~~~~~~~~~~~~~
TRAIN GNN Recall: 0.8517
TRAIN GNN auc: 0.8289

+------------------------------------------------------------------------------------------+
                                        Epoch 14                                               
+------------------------------------------------------------------------------------------+

Rewards:  [0.04960699380655599, 0.016403650603068257, 0.010122092289185244]
States:  [array([0.04960699]), array([0.01640365]), array([0.01012209])]
Thresholds:  [0.6000000000000001, 0.9, 0.5]
Historical maximum AUC:  0.8368604345180338
Thresholds to obtain the historical maximum AUC:  [0.6000000000000001, 0.7000000000000001, 0.8]
Current depth of each RL Tree:  [0, 0, 0]
Completion flag of the entire RL Forest:  True
~~~~~~~~~~~~~~~~~~~~~~~~~~~~~~~~~~~~~~~~
Loss: 3.6862478256225586, time: 0.2980961799621582s
~~~~~~~~~~~~~~~~~~~~~~~~~~~~~~~~~~~~~~~~
TRAIN GNN Recall: 0.8343
TRAIN GNN auc: 0.8337

+------------------------------------------------------------------------------------------+
                                        Epoch 15                                               
+------------------------------------------------------------------------------------------+

Rewards:  [0.04761154935161158, 0.006879526293403152, 0.022543870578629954]
States:  [array([0.04761155]), array([0.00687953]), array([0.02254387])]
Thresholds:  [0.1, 0.1, 0.8]
Historical maximum AUC:  0.8368604345180338
Thresholds to obtain the historical maximum AUC:  [0.6000000000000001, 0.7000000000000001, 0.8]
Current depth of each RL Tree:  [0, 0, 0]
Completion flag of the entire RL Forest:  True
~~~~~~~~~~~~~~~~~~~~~~~~~~~~~~~~~~~~~~~~
Loss: 3.651169776916504, time: 0.29561901092529297s
~~~~~~~~~~~~~~~~~~~~~~~~~~~~~~~~~~~~~~~~
TEST GNN F1: 0.8273
TEST GNN Accuracy: 0.9489
TEST GNN Recall: 0.8810
TEST GNN auc: 0.8695
TEST GNN ap: 0.7413
~~~~~~~~~~~~~~~~~~~~~~~~~~~~~~~~~~~~~~~~
TEST Label1 F1: 0.7324
TEST Label1 Accuracy: 0.8969
TEST Label1 Recall: 0.8628
TEST Label1 auc: 0.9127
TEST Label1 ap: 0.8066
~~~~~~~~~~~~~~~~~~~~~~~~~~~~~~~~~~~~~~~~
TRAIN GNN Recall: 0.8516
TRAIN GNN auc: 0.8365

+------------------------------------------------------------------------------------------+
                                        Epoch 16                                               
+------------------------------------------------------------------------------------------+

Rewards:  [0.039597784529374534, 0.06444394370576695, 0.028941868181818767]
States:  [array([0.03959778]), array([0.06444394]), array([0.02894187])]
Thresholds:  [0.8, 0.4, 0.4]
Historical maximum AUC:  0.8368604345180338
Thresholds to obtain the historical maximum AUC:  [0.6000000000000001, 0.7000000000000001, 0.8]
Current depth of each RL Tree:  [0, 0, 0]
Completion flag of the entire RL Forest:  True
~~~~~~~~~~~~~~~~~~~~~~~~~~~~~~~~~~~~~~~~
Loss: 3.6301326751708984, time: 0.6167604923248291s
~~~~~~~~~~~~~~~~~~~~~~~~~~~~~~~~~~~~~~~~
TRAIN GNN Recall: 0.8427
TRAIN GNN auc: 0.8338

+------------------------------------------------------------------------------------------+
                                        Epoch 17                                               
+------------------------------------------------------------------------------------------+

Rewards:  [0.008892951773338981, 0.00865630127864297, 0.05040242440759513]
States:  [array([0.00889295]), array([0.0086563]), array([0.05040242])]
Thresholds:  [0.7000000000000001, 0.30000000000000004, 0.30000000000000004]
Historical maximum AUC:  0.8368604345180338
Thresholds to obtain the historical maximum AUC:  [0.6000000000000001, 0.7000000000000001, 0.8]
Current depth of each RL Tree:  [0, 0, 0]
Completion flag of the entire RL Forest:  True
~~~~~~~~~~~~~~~~~~~~~~~~~~~~~~~~~~~~~~~~
Loss: 3.565404176712036, time: 0.25786781311035156s
~~~~~~~~~~~~~~~~~~~~~~~~~~~~~~~~~~~~~~~~
TRAIN GNN Recall: 0.8315
TRAIN GNN auc: 0.8367

+------------------------------------------------------------------------------------------+
                                        Epoch 18                                               
+------------------------------------------------------------------------------------------+

Rewards:  [0.06135798287179606, 0.030661548284774316, 0.02598864469438453]
States:  [array([0.06135798]), array([0.03066155]), array([0.02598864])]
Thresholds:  [0.4, 0.2, 0.1]
Historical maximum AUC:  0.8368604345180338
Thresholds to obtain the historical maximum AUC:  [0.6000000000000001, 0.7000000000000001, 0.8]
Current depth of each RL Tree:  [0, 0, 0]
Completion flag of the entire RL Forest:  True
~~~~~~~~~~~~~~~~~~~~~~~~~~~~~~~~~~~~~~~~
Loss: 3.5594358444213867, time: 0.25534915924072266s
~~~~~~~~~~~~~~~~~~~~~~~~~~~~~~~~~~~~~~~~
TEST GNN F1: 0.6532
TEST GNN Accuracy: 0.8317
TEST GNN Recall: 0.8324
TEST GNN auc: 0.8736
TEST GNN ap: 0.7976
~~~~~~~~~~~~~~~~~~~~~~~~~~~~~~~~~~~~~~~~
TEST Label1 F1: 0.7804
TEST Label1 Accuracy: 0.9258
TEST Label1 Recall: 0.8754
TEST Label1 auc: 0.9099
TEST Label1 ap: 0.8085
~~~~~~~~~~~~~~~~~~~~~~~~~~~~~~~~~~~~~~~~
TRAIN GNN Recall: 0.8129
TRAIN GNN auc: 0.8453

+------------------------------------------------------------------------------------------+
                                        Epoch 19                                               
+------------------------------------------------------------------------------------------+

Rewards:  [0.059054729443264994, 0.026268426115572455, 0.020643108707878288]
States:  [array([0.05905473]), array([0.02626843]), array([0.02064311])]
Thresholds:  [0.8, 1, 0.7000000000000001]
Historical maximum AUC:  0.8453228733231364
Thresholds to obtain the historical maximum AUC:  [0.4, 0.2, 0.1]
Current depth of each RL Tree:  [0, 0, 0]
Completion flag of the entire RL Forest:  True
~~~~~~~~~~~~~~~~~~~~~~~~~~~~~~~~~~~~~~~~
Loss: 3.5714855194091797, time: 0.23551702499389648s
~~~~~~~~~~~~~~~~~~~~~~~~~~~~~~~~~~~~~~~~
TRAIN GNN Recall: 0.8421
TRAIN GNN auc: 0.8408

+------------------------------------------------------------------------------------------+
                                        Epoch 20                                               
+------------------------------------------------------------------------------------------+

Rewards:  [0.040830112208121265, 0.020935013169909422, 0.007596054332912104]
States:  [array([0.04083011]), array([0.02093501]), array([0.00759605])]
Thresholds:  [0.4, 0.1, 0.30000000000000004]
Historical maximum AUC:  0.8453228733231364
Thresholds to obtain the historical maximum AUC:  [0.4, 0.2, 0.1]
Current depth of each RL Tree:  [0, 0, 0]
Completion flag of the entire RL Forest:  True
~~~~~~~~~~~~~~~~~~~~~~~~~~~~~~~~~~~~~~~~
Loss: 3.4690093994140625, time: 0.3085978031158447s
~~~~~~~~~~~~~~~~~~~~~~~~~~~~~~~~~~~~~~~~
TRAIN GNN Recall: 0.8262
TRAIN GNN auc: 0.8457

+------------------------------------------------------------------------------------------+
                                        Epoch 21                                               
+------------------------------------------------------------------------------------------+

Rewards:  [0.07681052404408328, 0.09324416866604308, 0.049873725818732464]
States:  [array([0.07681052]), array([0.09324417]), array([0.04987373])]
Thresholds:  [0.30000000000000004, 0.5, 1]
Historical maximum AUC:  0.8456504339149933
Thresholds to obtain the historical maximum AUC:  [0.4, 0.1, 0.30000000000000004]
Current depth of each RL Tree:  [0, 0, 0]
Completion flag of the entire RL Forest:  True
~~~~~~~~~~~~~~~~~~~~~~~~~~~~~~~~~~~~~~~~
Loss: 3.50101900100708, time: 0.2503175735473633s
