nohup: ignoring input

+------------------------------------------------------------------------------------------+
* Training and testing RIO-GNN *
* Paper: Reinforced Neighborhood Selection Guided Multi-Relational Graph Neural Networks *
* Source: https://github.com/safe-graph/RioGNN *

+------------------------------------------------------------------------------------------+

Log save path: ./log/yelp/
CUDA:  True
Running on:  yelp
The number of relations:  3
Width of each relation tree:  [10, 10, 10]
Height of each relation tree:  [2, 2, 2]
Model:  RIO, Inter-AGG:  GNN, feat_size:  32, emb_size:  32.

+------------------------------------------------------------------------------------------+
                                        Epoch 0                                               
+------------------------------------------------------------------------------------------+

Historical maximum AUC:  0
Thresholds to obtain the historical maximum AUC:  [0, 0, 0]
Current depth of each RL Tree:  [0, 0, 0]
Completion flag of the entire RL Forest:  True
Historical maximum AUC:  0
Thresholds to obtain the historical maximum AUC:  [0, 0, 0]
Current depth of each RL Tree:  [0, 0, 0]
Completion flag of the entire RL Forest:  True
Historical maximum AUC:  0
Thresholds to obtain the historical maximum AUC:  [0, 0, 0]
Current depth of each RL Tree:  [0, 0, 0]
Completion flag of the entire RL Forest:  True
Historical maximum AUC:  0
Thresholds to obtain the historical maximum AUC:  [0, 0, 0]
Current depth of each RL Tree:  [0, 0, 0]
Completion flag of the entire RL Forest:  True
Historical maximum AUC:  0
Thresholds to obtain the historical maximum AUC:  [0, 0, 0]
Current depth of each RL Tree:  [0, 0, 0]
Completion flag of the entire RL Forest:  True
Historical maximum AUC:  0
Thresholds to obtain the historical maximum AUC:  [0, 0, 0]
Current depth of each RL Tree:  [0, 0, 0]
Completion flag of the entire RL Forest:  True
~~~~~~~~~~~~~~~~~~~~~~~~~~~~~~~~~~~~~~~~
Loss: 0.6925074259440104, time: 1.918900728225708s
