nohup: ignoring input

+------------------------------------------------------------------------------------------+
* Training and testing RIO-GNN *
* Paper: Reinforced Neighborhood Selection Guided Multi-Relational Graph Neural Networks *
* Source: https://github.com/safe-graph/RioGNN *

+------------------------------------------------------------------------------------------+

Log save path: ./log/yelp/
CUDA:  True
Running on:  yelp
The number of relations:  3
Width of each relation tree:  [10, 10, 10]
Height of each relation tree:  [2, 2, 2]
Model:  RIO, Inter-AGG:  GNN, feat_size:  32, emb_size:  32.

+------------------------------------------------------------------------------------------+
                                        Epoch 0                                               
+------------------------------------------------------------------------------------------+

Historical maximum AUC:  0
Thresholds to obtain the historical maximum AUC:  [0, 0, 0]
Current depth of each RL Tree:  [0, 0, 0]
Completion flag of the entire RL Forest:  True
Historical maximum AUC:  0
Thresholds to obtain the historical maximum AUC:  [0, 0, 0]
Current depth of each RL Tree:  [0, 0, 0]
Completion flag of the entire RL Forest:  True
Historical maximum AUC:  0
Thresholds to obtain the historical maximum AUC:  [0, 0, 0]
Current depth of each RL Tree:  [0, 0, 0]
Completion flag of the entire RL Forest:  True
Historical maximum AUC:  0
Thresholds to obtain the historical maximum AUC:  [0, 0, 0]
Current depth of each RL Tree:  [0, 0, 0]
Completion flag of the entire RL Forest:  True
Historical maximum AUC:  0
Thresholds to obtain the historical maximum AUC:  [0, 0, 0]
Current depth of each RL Tree:  [0, 0, 0]
Completion flag of the entire RL Forest:  True
Historical maximum AUC:  0
Thresholds to obtain the historical maximum AUC:  [0, 0, 0]
Current depth of each RL Tree:  [0, 0, 0]
Completion flag of the entire RL Forest:  True
~~~~~~~~~~~~~~~~~~~~~~~~~~~~~~~~~~~~~~~~
Loss: 0.6867643992106119, time: 1.881208896636963s
~~~~~~~~~~~~~~~~~~~~~~~~~~~~~~~~~~~~~~~~
TEST GNN F1: 0.5465
TEST GNN Accuracy: 0.6352
TEST GNN Recall: 0.6481
TEST GNN auc: 0.6660
TEST GNN ap: 0.2434
~~~~~~~~~~~~~~~~~~~~~~~~~~~~~~~~~~~~~~~~
TEST Label1 F1: 0.4682
TEST Label1 Accuracy: 0.8520
TEST Label1 Recall: 0.5020
TEST Label1 auc: 0.5455
TEST Label1 ap: 0.1740
~~~~~~~~~~~~~~~~~~~~~~~~~~~~~~~~~~~~~~~~
TRAIN GNN Recall: 0.6404
TRAIN GNN auc: 0.6583

+------------------------------------------------------------------------------------------+
                                        Epoch 1                                               
+------------------------------------------------------------------------------------------+

States:  [array([0.00143543]), array([0.00380165]), array([0.00391486])]
Thresholds:  [0.4, 1, 0.8]
Historical maximum AUC:  0.6583153425969241
Thresholds to obtain the historical maximum AUC:  [0.5, 0.5, 0.5]
Current depth of each RL Tree:  [0, 0, 0]
Completion flag of the entire RL Forest:  True
Historical maximum AUC:  0.6583153425969241
Thresholds to obtain the historical maximum AUC:  [0.5, 0.5, 0.5]
Current depth of each RL Tree:  [0, 0, 0]
Completion flag of the entire RL Forest:  True
Historical maximum AUC:  0.6583153425969241
Thresholds to obtain the historical maximum AUC:  [0.5, 0.5, 0.5]
Current depth of each RL Tree:  [0, 0, 0]
Completion flag of the entire RL Forest:  True
Historical maximum AUC:  0.6583153425969241
Thresholds to obtain the historical maximum AUC:  [0.5, 0.5, 0.5]
Current depth of each RL Tree:  [0, 0, 0]
Completion flag of the entire RL Forest:  True
Historical maximum AUC:  0.6583153425969241
Thresholds to obtain the historical maximum AUC:  [0.5, 0.5, 0.5]
Current depth of each RL Tree:  [0, 0, 0]
Completion flag of the entire RL Forest:  True
Historical maximum AUC:  0.6583153425969241
Thresholds to obtain the historical maximum AUC:  [0.5, 0.5, 0.5]
Current depth of each RL Tree:  [0, 0, 0]
Completion flag of the entire RL Forest:  True
~~~~~~~~~~~~~~~~~~~~~~~~~~~~~~~~~~~~~~~~
Loss: 0.675724188486735, time: 1.5996263027191162s
~~~~~~~~~~~~~~~~~~~~~~~~~~~~~~~~~~~~~~~~
TRAIN GNN Recall: 0.6586
TRAIN GNN auc: 0.6812

+------------------------------------------------------------------------------------------+
                                        Epoch 2                                               
+------------------------------------------------------------------------------------------+

Rewards:  [0.0015602301424586685, 0.008573152018794416, 0.006976258478229489]
States:  [array([0.00156023]), array([0.00857315]), array([0.00697626])]
Thresholds:  [0.6000000000000001, 0.2, 0.2]
Historical maximum AUC:  0.6812487950238089
Thresholds to obtain the historical maximum AUC:  [0.4, 1, 0.8]
Current depth of each RL Tree:  [0, 0, 0]
Completion flag of the entire RL Forest:  True
Historical maximum AUC:  0.6812487950238089
Thresholds to obtain the historical maximum AUC:  [0.4, 1, 0.8]
Current depth of each RL Tree:  [0, 0, 0]
Completion flag of the entire RL Forest:  True
